{"name": "test_open_url_fail", "status": "failed", "statusDetails": {"message": "AssertionError: assert 'http://blazedemo.com/' != 'http://blazedemo.com/'\n +  where 'http://blazedemo.com/' = <selenium.webdriver.chrome.webdriver.WebDriver (session=\"c96f8b7401f3edbe435e0138aac4341f\")>.current_url", "trace": "def test_open_url_fail():\n    \turl = \"http://blazedemo.com/\"\n    \tbrowser.get(url)\n    \n>   \tassert browser.current_url != url\nE    assert 'http://blazedemo.com/' != 'http://blazedemo.com/'\nE     +  where 'http://blazedemo.com/' = <selenium.webdriver.chrome.webdriver.WebDriver (session=\"c96f8b7401f3edbe435e0138aac4341f\")>.current_url\n\n..\\..\\..\\Desktop\\GIT\\my_git_python\\my_python_project\\my_test\\my_0_browsercheck_test.py:16: AssertionError"}, "start": 1538557539162, "stop": 1538557539657, "uuid": "4bf0f34c-196a-4d67-884b-218722bf3c3d", "historyId": "6624a1bd7d63d7b5456e9559d75063d1", "fullName": "Desktop.GIT.my_git_python.my_python_project.my_test.my_0_browsercheck_test#test_open_url_fail", "labels": [{"name": "parentSuite", "value": "Desktop.GIT.my_git_python.my_python_project.my_test"}, {"name": "suite", "value": "my_0_browsercheck_test"}, {"name": "host", "value": "LAPTOP-F63N1711"}, {"name": "thread", "value": "27292-MainThread"}, {"name": "framework", "value": "pytest"}, {"name": "language", "value": "cpython3"}, {"name": "package", "value": "Desktop.GIT.my_git_python.my_python_project.my_test.my_0_browsercheck_test"}]}